
ec: system execution failed.
Following is the set of recorded exceptions:

******************************** Thread exception *****************************
In thread           Root thread            0x0 (thread id)
*******************************************************************************
-------------------------------------------------------------------------------
Class / Object      Routine                Nature of exception           Effect
-------------------------------------------------------------------------------
CONSOLE             console_ps             FILE: unable to write STRING object.:
<000000000759DD68>                         Runtime I/O error.            Fail
-------------------------------------------------------------------------------
CONSOLE             console_ps                                          
<000000000759DD68>                         Routine failure.              Fail
-------------------------------------------------------------------------------
CONSOLE             put_string @5                                       
<000000000759DD68>                         Routine failure.              Fail
-------------------------------------------------------------------------------
EC_ENCODING_CONVERTER
                    localized_print_error @3
<000000000766AB48>  (From LOCALIZED_PRINTER)
                                           Routine failure.              Fail
-------------------------------------------------------------------------------
DEGREE_OUTPUT       put_message @2                                      
<0000000007371928>                         Routine failure.              Fail
-------------------------------------------------------------------------------
DEGREE_OUTPUT       put_start_degree @10                                
<0000000007371928>                         Routine failure.              Fail
-------------------------------------------------------------------------------
DEGREE_4            execute @6                                          
<00000000075FADC8>                         Routine failure.              Fail
-------------------------------------------------------------------------------
SYSTEM_I            process_degree_4 @1                                 
<00000000074F71F8>                         Routine failure.              Fail
-------------------------------------------------------------------------------
SYSTEM_I            do_recompilation @74                                
<00000000074F71F8>                         Routine failure.              Fail
-------------------------------------------------------------------------------
SYSTEM_I            recompile @8                                        
<00000000074F71F8>                         Routine failure.              Rescue
-------------------------------------------------------------------------------
WORKBENCH_I         recompile @23                                       
<00000000073F5B68>                         Routine failure.              Rescue
-------------------------------------------------------------------------------
E_PROJECT           melt @8                                             
<00000000073F9BC8>                         Routine failure.              Rescue
-------------------------------------------------------------------------------
E_PROJECT           freeze @3                                           
<00000000073F9BC8>                         Routine failure.              Fail
-------------------------------------------------------------------------------
EWB_FREEZE          perform_compilation @1                              
<0000000007408F88>                         Routine failure.              Fail
-------------------------------------------------------------------------------
EWB_FREEZE          compile @4                                          
<0000000007408F88>  (From EWB_COMP)        Routine failure.              Fail
-------------------------------------------------------------------------------
EWB_FREEZE          execute @7                                          
<0000000007408F88>                         Routine failure.              Fail
-------------------------------------------------------------------------------
ES_BATCH            execute @42                                         
<000000000748EBC8>  (From ES)              Routine failure.              Rescue
-------------------------------------------------------------------------------
~~~~~~~~~~~~~~~~~~~~~~~~~~~~~~~ entering level 1 ~~~~~~~~~~~~~~~~~~~~~~~~~~~~~~
-------------------------------------------------------------------------------
CONSOLE             console_ps             FILE: unable to write STRING object.:
<000000000759DD68>                         Runtime I/O error.            Fail
-------------------------------------------------------------------------------
CONSOLE             console_ps                                          
<000000000759DD68>                         Routine failure.              Fail
-------------------------------------------------------------------------------
CONSOLE             put_string @5                                       
<000000000759DD68>                         Routine failure.              Fail
-------------------------------------------------------------------------------
ES_BATCH            localized_print_error @3
<000000000748EBC8>  (From LOCALIZED_PRINTER)
                                           Routine failure.              Fail
-------------------------------------------------------------------------------
~~~~~~~~~~~~~~~~~~~~~~~~~~~~~~~ back to level 0 ~~~~~~~~~~~~~~~~~~~~~~~~~~~~~~~
-------------------------------------------------------------------------------
ES_BATCH            execute @66                                         
<000000000748EBC8>  (From ES)              Exception in rescue clause.   Fail
-------------------------------------------------------------------------------
ES_BATCH            make @13                                            
<000000000748EBC8>  (From ES)              Routine failure.              Fail
-------------------------------------------------------------------------------
EB_KERNEL           make @5                                             
<00000000073402B8>                         Routine failure.              Fail
-------------------------------------------------------------------------------
EB_KERNEL           root's creation                                     
<00000000073402B8>                         Routine failure.              Exit
-------------------------------------------------------------------------------

ec: system execution failed.
Following is the set of recorded exceptions:

******************************** Thread exception *****************************
In thread           Root thread            0x0 (thread id)
*******************************************************************************
-------------------------------------------------------------------------------
Class / Object      Routine                Nature of exception           Effect
-------------------------------------------------------------------------------
CONSOLE             console_ps             FILE: unable to write STRING object.:
<000000000756DEA8>                         Runtime I/O error.            Fail
-------------------------------------------------------------------------------
CONSOLE             console_ps                                          
<000000000756DEA8>                         Routine failure.              Fail
-------------------------------------------------------------------------------
CONSOLE             put_string @5                                       
<000000000756DEA8>                         Routine failure.              Fail
-------------------------------------------------------------------------------
EC_ENCODING_CONVERTER
                    localized_print_error @3
<000000000763AC78>  (From LOCALIZED_PRINTER)
                                           Routine failure.              Fail
-------------------------------------------------------------------------------
DEGREE_OUTPUT       put_message @2                                      
<0000000007341F68>                         Routine failure.              Fail
-------------------------------------------------------------------------------
DEGREE_OUTPUT       put_start_degree @10                                
<0000000007341F68>                         Routine failure.              Fail
-------------------------------------------------------------------------------
DEGREE_4            execute @6                                          
<00000000075CA248>                         Routine failure.              Fail
-------------------------------------------------------------------------------
SYSTEM_I            process_degree_4 @1                                 
<00000000074C6938>                         Routine failure.              Fail
-------------------------------------------------------------------------------
SYSTEM_I            do_recompilation @74                                
<00000000074C6938>                         Routine failure.              Fail
-------------------------------------------------------------------------------
SYSTEM_I            recompile @8                                        
<00000000074C6938>                         Routine failure.              Rescue
-------------------------------------------------------------------------------
WORKBENCH_I         recompile @23                                       
<00000000073C3E48>                         Routine failure.              Rescue
-------------------------------------------------------------------------------
E_PROJECT           melt @8                                             
<00000000073C7EB8>                         Routine failure.              Rescue
-------------------------------------------------------------------------------
E_PROJECT           freeze @3                                           
<00000000073C7EB8>                         Routine failure.              Fail
-------------------------------------------------------------------------------
EWB_FREEZE          perform_compilation @1                              
<00000000073D72B8>                         Routine failure.              Fail
-------------------------------------------------------------------------------
EWB_FREEZE          compile @4                                          
<00000000073D72B8>  (From EWB_COMP)        Routine failure.              Fail
-------------------------------------------------------------------------------
EWB_FREEZE          execute @7                                          
<00000000073D72B8>                         Routine failure.              Fail
-------------------------------------------------------------------------------
ES_BATCH            execute @42                                         
<000000000745EBC8>  (From ES)              Routine failure.              Rescue
-------------------------------------------------------------------------------
~~~~~~~~~~~~~~~~~~~~~~~~~~~~~~~ entering level 1 ~~~~~~~~~~~~~~~~~~~~~~~~~~~~~~
-------------------------------------------------------------------------------
CONSOLE             console_ps             FILE: unable to write STRING object.:
<000000000756DEA8>                         Runtime I/O error.            Fail
-------------------------------------------------------------------------------
CONSOLE             console_ps                                          
<000000000756DEA8>                         Routine failure.              Fail
-------------------------------------------------------------------------------
CONSOLE             put_string @5                                       
<000000000756DEA8>                         Routine failure.              Fail
-------------------------------------------------------------------------------
ES_BATCH            localized_print_error @3
<000000000745EBC8>  (From LOCALIZED_PRINTER)
                                           Routine failure.              Fail
-------------------------------------------------------------------------------
~~~~~~~~~~~~~~~~~~~~~~~~~~~~~~~ back to level 0 ~~~~~~~~~~~~~~~~~~~~~~~~~~~~~~~
-------------------------------------------------------------------------------
ES_BATCH            execute @66                                         
<000000000745EBC8>  (From ES)              Exception in rescue clause.   Fail
-------------------------------------------------------------------------------
ES_BATCH            make @13                                            
<000000000745EBC8>  (From ES)              Routine failure.              Fail
-------------------------------------------------------------------------------
EB_KERNEL           make @5                                             
<00000000073102B8>                         Routine failure.              Fail
-------------------------------------------------------------------------------
EB_KERNEL           root's creation                                     
<00000000073102B8>                         Routine failure.              Exit
-------------------------------------------------------------------------------

ec: system execution failed.
Following is the set of recorded exceptions:

******************************** Thread exception *****************************
In thread           Root thread            0x0 (thread id)
*******************************************************************************
-------------------------------------------------------------------------------
Class / Object      Routine                Nature of exception           Effect
-------------------------------------------------------------------------------
CONSOLE             console_ps             FILE: unable to write STRING object.:
<0000000007560B28>                         Runtime I/O error.            Fail
-------------------------------------------------------------------------------
CONSOLE             console_ps                                          
<0000000007560B28>                         Routine failure.              Fail
-------------------------------------------------------------------------------
CONSOLE             put_string @5                                       
<0000000007560B28>                         Routine failure.              Fail
-------------------------------------------------------------------------------
EC_ENCODING_CONVERTER
                    localized_print_error @3
<00000000074E3FC8>  (From LOCALIZED_PRINTER)
                                           Routine failure.              Fail
-------------------------------------------------------------------------------
DEGREE_OUTPUT       put_message @2                                      
<0000000007314A78>                         Routine failure.              Fail
-------------------------------------------------------------------------------
DEGREE_OUTPUT       put_start_degree @10                                
<0000000007314A78>                         Routine failure.              Fail
-------------------------------------------------------------------------------
DEGREE_4            execute @6                                          
<0000000007680CC8>                         Routine failure.              Fail
-------------------------------------------------------------------------------
SYSTEM_I            process_degree_4 @1                                 
<0000000007496938>                         Routine failure.              Fail
-------------------------------------------------------------------------------
SYSTEM_I            do_recompilation @74                                
<0000000007496938>                         Routine failure.              Fail
-------------------------------------------------------------------------------
SYSTEM_I            recompile @8                                        
<0000000007496938>                         Routine failure.              Rescue
-------------------------------------------------------------------------------
WORKBENCH_I         recompile @23                                       
<00000000073944D8>                         Routine failure.              Rescue
-------------------------------------------------------------------------------
E_PROJECT           melt @8                                             
<0000000007398DC8>                         Routine failure.              Rescue
-------------------------------------------------------------------------------
E_PROJECT           freeze @3                                           
<0000000007398DC8>                         Routine failure.              Fail
-------------------------------------------------------------------------------
EWB_FREEZE          perform_compilation @1                              
<00000000073A7988>                         Routine failure.              Fail
-------------------------------------------------------------------------------
EWB_FREEZE          compile @4                                          
<00000000073A7988>  (From EWB_COMP)        Routine failure.              Fail
-------------------------------------------------------------------------------
EWB_FREEZE          execute @7                                          
<00000000073A7988>                         Routine failure.              Fail
-------------------------------------------------------------------------------
ES_BATCH            execute @42                                         
<000000000742EBC8>  (From ES)              Routine failure.              Rescue
-------------------------------------------------------------------------------
~~~~~~~~~~~~~~~~~~~~~~~~~~~~~~~ entering level 1 ~~~~~~~~~~~~~~~~~~~~~~~~~~~~~~
-------------------------------------------------------------------------------
CONSOLE             console_ps             FILE: unable to write STRING object.:
<0000000007560B28>                         Runtime I/O error.            Fail
-------------------------------------------------------------------------------
CONSOLE             console_ps                                          
<0000000007560B28>                         Routine failure.              Fail
-------------------------------------------------------------------------------
CONSOLE             put_string @5                                       
<0000000007560B28>                         Routine failure.              Fail
-------------------------------------------------------------------------------
ES_BATCH            localized_print_error @3
<000000000742EBC8>  (From LOCALIZED_PRINTER)
                                           Routine failure.              Fail
-------------------------------------------------------------------------------
~~~~~~~~~~~~~~~~~~~~~~~~~~~~~~~ back to level 0 ~~~~~~~~~~~~~~~~~~~~~~~~~~~~~~~
-------------------------------------------------------------------------------
ES_BATCH            execute @66                                         
<000000000742EBC8>  (From ES)              Exception in rescue clause.   Fail
-------------------------------------------------------------------------------
ES_BATCH            make @13                                            
<000000000742EBC8>  (From ES)              Routine failure.              Fail
-------------------------------------------------------------------------------
EB_KERNEL           make @5                                             
<00000000072E02B8>                         Routine failure.              Fail
-------------------------------------------------------------------------------
EB_KERNEL           root's creation                                     
<00000000072E02B8>                         Routine failure.              Exit
-------------------------------------------------------------------------------

ec: system execution failed.
Following is the set of recorded exceptions:

******************************** Thread exception *****************************
In thread           Root thread            0x0 (thread id)
*******************************************************************************
-------------------------------------------------------------------------------
Class / Object      Routine                Nature of exception           Effect
-------------------------------------------------------------------------------
CONSOLE             console_ps             FILE: unable to write STRING object.:
<000000000749A5F8>                         Runtime I/O error.            Fail
-------------------------------------------------------------------------------
CONSOLE             console_ps                                          
<000000000749A5F8>                         Routine failure.              Fail
-------------------------------------------------------------------------------
CONSOLE             put_string @5                                       
<000000000749A5F8>                         Routine failure.              Fail
-------------------------------------------------------------------------------
EC_ENCODING_CONVERTER
                    localized_print_error @3
<000000000755D908>  (From LOCALIZED_PRINTER)
                                           Routine failure.              Fail
-------------------------------------------------------------------------------
DEGREE_OUTPUT       put_message @2                                      
<0000000007262638>                         Routine failure.              Fail
-------------------------------------------------------------------------------
DEGREE_OUTPUT       put_start_degree @10                                
<0000000007262638>                         Routine failure.              Fail
-------------------------------------------------------------------------------
DEGREE_4            execute @6                                          
<00000000075D1028>                         Routine failure.              Fail
-------------------------------------------------------------------------------
SYSTEM_I            process_degree_4 @1                                 
<00000000073E6938>                         Routine failure.              Fail
-------------------------------------------------------------------------------
SYSTEM_I            do_recompilation @74                                
<00000000073E6938>                         Routine failure.              Fail
-------------------------------------------------------------------------------
SYSTEM_I            recompile @8                                        
<00000000073E6938>                         Routine failure.              Rescue
-------------------------------------------------------------------------------
WORKBENCH_I         recompile @23                                       
<00000000072E4B98>                         Routine failure.              Rescue
-------------------------------------------------------------------------------
E_PROJECT           melt @8                                             
<00000000072E9538>                         Routine failure.              Rescue
-------------------------------------------------------------------------------
E_PROJECT           freeze @3                                           
<00000000072E9538>                         Routine failure.              Fail
-------------------------------------------------------------------------------
EWB_FREEZE          perform_compilation @1                              
<00000000072F8068>                         Routine failure.              Fail
-------------------------------------------------------------------------------
EWB_FREEZE          compile @4                                          
<00000000072F8068>  (From EWB_COMP)        Routine failure.              Fail
-------------------------------------------------------------------------------
EWB_FREEZE          execute @7                                          
<00000000072F8068>                         Routine failure.              Fail
-------------------------------------------------------------------------------
ES_BATCH            execute @42                                         
<000000000737EBC8>  (From ES)              Routine failure.              Rescue
-------------------------------------------------------------------------------
~~~~~~~~~~~~~~~~~~~~~~~~~~~~~~~ entering level 1 ~~~~~~~~~~~~~~~~~~~~~~~~~~~~~~
-------------------------------------------------------------------------------
CONSOLE             console_ps             FILE: unable to write STRING object.:
<000000000749A5F8>                         Runtime I/O error.            Fail
-------------------------------------------------------------------------------
CONSOLE             console_ps                                          
<000000000749A5F8>                         Routine failure.              Fail
-------------------------------------------------------------------------------
CONSOLE             put_string @5                                       
<000000000749A5F8>                         Routine failure.              Fail
-------------------------------------------------------------------------------
ES_BATCH            localized_print_error @3
<000000000737EBC8>  (From LOCALIZED_PRINTER)
                                           Routine failure.              Fail
-------------------------------------------------------------------------------
~~~~~~~~~~~~~~~~~~~~~~~~~~~~~~~ back to level 0 ~~~~~~~~~~~~~~~~~~~~~~~~~~~~~~~
-------------------------------------------------------------------------------
ES_BATCH            execute @66                                         
<000000000737EBC8>  (From ES)              Exception in rescue clause.   Fail
-------------------------------------------------------------------------------
ES_BATCH            make @13                                            
<000000000737EBC8>  (From ES)              Routine failure.              Fail
-------------------------------------------------------------------------------
EB_KERNEL           make @5                                             
<00000000072302B8>                         Routine failure.              Fail
-------------------------------------------------------------------------------
EB_KERNEL           root's creation                                     
<00000000072302B8>                         Routine failure.              Exit
-------------------------------------------------------------------------------

ec: system execution failed.
Following is the set of recorded exceptions:

******************************** Thread exception *****************************
In thread           Root thread            0x0 (thread id)
*******************************************************************************
-------------------------------------------------------------------------------
Class / Object      Routine                Nature of exception           Effect
-------------------------------------------------------------------------------
CONSOLE             console_ps             FILE: unable to write STRING object.:
<000000000755A5F8>                         Runtime I/O error.            Fail
-------------------------------------------------------------------------------
CONSOLE             console_ps                                          
<000000000755A5F8>                         Routine failure.              Fail
-------------------------------------------------------------------------------
CONSOLE             put_string @5                                       
<000000000755A5F8>                         Routine failure.              Fail
-------------------------------------------------------------------------------
EC_ENCODING_CONVERTER
                    localized_print_error @3
<000000000761D908>  (From LOCALIZED_PRINTER)
                                           Routine failure.              Fail
-------------------------------------------------------------------------------
DEGREE_OUTPUT       put_message @2                                      
<0000000007322638>                         Routine failure.              Fail
-------------------------------------------------------------------------------
DEGREE_OUTPUT       put_start_degree @10                                
<0000000007322638>                         Routine failure.              Fail
-------------------------------------------------------------------------------
DEGREE_4            execute @6                                          
<0000000007691028>                         Routine failure.              Fail
-------------------------------------------------------------------------------
SYSTEM_I            process_degree_4 @1                                 
<00000000074A6938>                         Routine failure.              Fail
-------------------------------------------------------------------------------
SYSTEM_I            do_recompilation @74                                
<00000000074A6938>                         Routine failure.              Fail
-------------------------------------------------------------------------------
SYSTEM_I            recompile @8                                        
<00000000074A6938>                         Routine failure.              Rescue
-------------------------------------------------------------------------------
WORKBENCH_I         recompile @23                                       
<00000000073A4B98>                         Routine failure.              Rescue
-------------------------------------------------------------------------------
E_PROJECT           melt @8                                             
<00000000073A9538>                         Routine failure.              Rescue
-------------------------------------------------------------------------------
E_PROJECT           freeze @3                                           
<00000000073A9538>                         Routine failure.              Fail
-------------------------------------------------------------------------------
EWB_FREEZE          perform_compilation @1                              
<00000000073B8068>                         Routine failure.              Fail
-------------------------------------------------------------------------------
EWB_FREEZE          compile @4                                          
<00000000073B8068>  (From EWB_COMP)        Routine failure.              Fail
-------------------------------------------------------------------------------
EWB_FREEZE          execute @7                                          
<00000000073B8068>                         Routine failure.              Fail
-------------------------------------------------------------------------------
ES_BATCH            execute @42                                         
<000000000743EBC8>  (From ES)              Routine failure.              Rescue
-------------------------------------------------------------------------------
~~~~~~~~~~~~~~~~~~~~~~~~~~~~~~~ entering level 1 ~~~~~~~~~~~~~~~~~~~~~~~~~~~~~~
-------------------------------------------------------------------------------
CONSOLE             console_ps             FILE: unable to write STRING object.:
<000000000755A5F8>                         Runtime I/O error.            Fail
-------------------------------------------------------------------------------
CONSOLE             console_ps                                          
<000000000755A5F8>                         Routine failure.              Fail
-------------------------------------------------------------------------------
CONSOLE             put_string @5                                       
<000000000755A5F8>                         Routine failure.              Fail
-------------------------------------------------------------------------------
ES_BATCH            localized_print_error @3
<000000000743EBC8>  (From LOCALIZED_PRINTER)
                                           Routine failure.              Fail
-------------------------------------------------------------------------------
~~~~~~~~~~~~~~~~~~~~~~~~~~~~~~~ back to level 0 ~~~~~~~~~~~~~~~~~~~~~~~~~~~~~~~
-------------------------------------------------------------------------------
ES_BATCH            execute @66                                         
<000000000743EBC8>  (From ES)              Exception in rescue clause.   Fail
-------------------------------------------------------------------------------
ES_BATCH            make @13                                            
<000000000743EBC8>  (From ES)              Routine failure.              Fail
-------------------------------------------------------------------------------
EB_KERNEL           make @5                                             
<00000000072F02B8>                         Routine failure.              Fail
-------------------------------------------------------------------------------
EB_KERNEL           root's creation                                     
<00000000072F02B8>                         Routine failure.              Exit
-------------------------------------------------------------------------------

ec: system execution failed.
Following is the set of recorded exceptions:

******************************** Thread exception *****************************
In thread           Root thread            0x0 (thread id)
*******************************************************************************
-------------------------------------------------------------------------------
Class / Object      Routine                Nature of exception           Effect
-------------------------------------------------------------------------------
CONSOLE             console_ps             FILE: unable to write STRING object.:
<000000000755A5F8>                         Runtime I/O error.            Fail
-------------------------------------------------------------------------------
CONSOLE             console_ps                                          
<000000000755A5F8>                         Routine failure.              Fail
-------------------------------------------------------------------------------
CONSOLE             put_string @5                                       
<000000000755A5F8>                         Routine failure.              Fail
-------------------------------------------------------------------------------
EC_ENCODING_CONVERTER
                    localized_print_error @3
<000000000761D908>  (From LOCALIZED_PRINTER)
                                           Routine failure.              Fail
-------------------------------------------------------------------------------
DEGREE_OUTPUT       put_message @2                                      
<0000000007322638>                         Routine failure.              Fail
-------------------------------------------------------------------------------
DEGREE_OUTPUT       put_start_degree @10                                
<0000000007322638>                         Routine failure.              Fail
-------------------------------------------------------------------------------
DEGREE_4            execute @6                                          
<0000000007691028>                         Routine failure.              Fail
-------------------------------------------------------------------------------
SYSTEM_I            process_degree_4 @1                                 
<00000000074A6938>                         Routine failure.              Fail
-------------------------------------------------------------------------------
SYSTEM_I            do_recompilation @74                                
<00000000074A6938>                         Routine failure.              Fail
-------------------------------------------------------------------------------
SYSTEM_I            recompile @8                                        
<00000000074A6938>                         Routine failure.              Rescue
-------------------------------------------------------------------------------
WORKBENCH_I         recompile @23                                       
<00000000073A4B98>                         Routine failure.              Rescue
-------------------------------------------------------------------------------
E_PROJECT           melt @8                                             
<00000000073A9538>                         Routine failure.              Rescue
-------------------------------------------------------------------------------
E_PROJECT           freeze @3                                           
<00000000073A9538>                         Routine failure.              Fail
-------------------------------------------------------------------------------
EWB_FREEZE          perform_compilation @1                              
<00000000073B8068>                         Routine failure.              Fail
-------------------------------------------------------------------------------
EWB_FREEZE          compile @4                                          
<00000000073B8068>  (From EWB_COMP)        Routine failure.              Fail
-------------------------------------------------------------------------------
EWB_FREEZE          execute @7                                          
<00000000073B8068>                         Routine failure.              Fail
-------------------------------------------------------------------------------
ES_BATCH            execute @42                                         
<000000000743EBC8>  (From ES)              Routine failure.              Rescue
-------------------------------------------------------------------------------
~~~~~~~~~~~~~~~~~~~~~~~~~~~~~~~ entering level 1 ~~~~~~~~~~~~~~~~~~~~~~~~~~~~~~
-------------------------------------------------------------------------------
CONSOLE             console_ps             FILE: unable to write STRING object.:
<000000000755A5F8>                         Runtime I/O error.            Fail
-------------------------------------------------------------------------------
CONSOLE             console_ps                                          
<000000000755A5F8>                         Routine failure.              Fail
-------------------------------------------------------------------------------
CONSOLE             put_string @5                                       
<000000000755A5F8>                         Routine failure.              Fail
-------------------------------------------------------------------------------
ES_BATCH            localized_print_error @3
<000000000743EBC8>  (From LOCALIZED_PRINTER)
                                           Routine failure.              Fail
-------------------------------------------------------------------------------
~~~~~~~~~~~~~~~~~~~~~~~~~~~~~~~ back to level 0 ~~~~~~~~~~~~~~~~~~~~~~~~~~~~~~~
-------------------------------------------------------------------------------
ES_BATCH            execute @66                                         
<000000000743EBC8>  (From ES)              Exception in rescue clause.   Fail
-------------------------------------------------------------------------------
ES_BATCH            make @13                                            
<000000000743EBC8>  (From ES)              Routine failure.              Fail
-------------------------------------------------------------------------------
EB_KERNEL           make @5                                             
<00000000072F02B8>                         Routine failure.              Fail
-------------------------------------------------------------------------------
EB_KERNEL           root's creation                                     
<00000000072F02B8>                         Routine failure.              Exit
-------------------------------------------------------------------------------
